[27-Mar-2019 04:43:27 UTC] PHP Fatal error:  Uncaught exception 'PDOException' with message 'SQLSTATE[HY093]: Invalid parameter number: no parameters were bound' in /home/ubuntu/workspace/s2019cst336/Labs/OtterMart/api/getPurchaseHistory.php:13
Stack trace:
#0 /home/ubuntu/workspace/s2019cst336/Labs/OtterMart/api/getPurchaseHistory.php(13): PDOStatement->execute()
#1 {main}
  thrown in /home/ubuntu/workspace/s2019cst336/Labs/OtterMart/api/getPurchaseHistory.php on line 13
[27-Mar-2019 04:43:44 UTC] PHP Fatal error:  Uncaught exception 'PDOException' with message 'SQLSTATE[HY093]: Invalid parameter number: no parameters were bound' in /home/ubuntu/workspace/s2019cst336/Labs/OtterMart/api/getPurchaseHistory.php:13
Stack trace:
#0 /home/ubuntu/workspace/s2019cst336/Labs/OtterMart/api/getPurchaseHistory.php(13): PDOStatement->execute()
#1 {main}
  thrown in /home/ubuntu/workspace/s2019cst336/Labs/OtterMart/api/getPurchaseHistory.php on line 13
[27-Mar-2019 04:44:29 UTC] PHP Fatal error:  Uncaught exception 'PDOException' with message 'SQLSTATE[HY093]: Invalid parameter number: no parameters were bound' in /home/ubuntu/workspace/s2019cst336/Labs/OtterMart/api/getPurchaseHistory.php:13
Stack trace:
#0 /home/ubuntu/workspace/s2019cst336/Labs/OtterMart/api/getPurchaseHistory.php(13): PDOStatement->execute()
#1 {main}
  thrown in /home/ubuntu/workspace/s2019cst336/Labs/OtterMart/api/getPurchaseHistory.php on line 13
[27-Mar-2019 04:44:39 UTC] PHP Fatal error:  Uncaught exception 'PDOException' with message 'SQLSTATE[HY093]: Invalid parameter number: no parameters were bound' in /home/ubuntu/workspace/s2019cst336/Labs/OtterMart/api/getPurchaseHistory.php:13
Stack trace:
#0 /home/ubuntu/workspace/s2019cst336/Labs/OtterMart/api/getPurchaseHistory.php(13): PDOStatement->execute()
#1 {main}
  thrown in /home/ubuntu/workspace/s2019cst336/Labs/OtterMart/api/getPurchaseHistory.php on line 13
[27-Mar-2019 04:44:42 UTC] PHP Fatal error:  Uncaught exception 'PDOException' with message 'SQLSTATE[HY093]: Invalid parameter number: no parameters were bound' in /home/ubuntu/workspace/s2019cst336/Labs/OtterMart/api/getPurchaseHistory.php:13
Stack trace:
#0 /home/ubuntu/workspace/s2019cst336/Labs/OtterMart/api/getPurchaseHistory.php(13): PDOStatement->execute()
#1 {main}
  thrown in /home/ubuntu/workspace/s2019cst336/Labs/OtterMart/api/getPurchaseHistory.php on line 13
[27-Mar-2019 04:47:49 UTC] PHP Fatal error:  Uncaught exception 'PDOException' with message 'SQLSTATE[HY093]: Invalid parameter number: no parameters were bound' in /home/ubuntu/workspace/s2019cst336/Labs/OtterMart/api/getPurchaseHistory.php:13
Stack trace:
#0 /home/ubuntu/workspace/s2019cst336/Labs/OtterMart/api/getPurchaseHistory.php(13): PDOStatement->execute()
#1 {main}
  thrown in /home/ubuntu/workspace/s2019cst336/Labs/OtterMart/api/getPurchaseHistory.php on line 13
[27-Mar-2019 04:47:54 UTC] PHP Fatal error:  Uncaught exception 'PDOException' with message 'SQLSTATE[HY093]: Invalid parameter number: no parameters were bound' in /home/ubuntu/workspace/s2019cst336/Labs/OtterMart/api/getPurchaseHistory.php:13
Stack trace:
#0 /home/ubuntu/workspace/s2019cst336/Labs/OtterMart/api/getPurchaseHistory.php(13): PDOStatement->execute()
#1 {main}
  thrown in /home/ubuntu/workspace/s2019cst336/Labs/OtterMart/api/getPurchaseHistory.php on line 13
