[08-Apr-2019 19:28:32 UTC] PHP Warning:  include(dbConnection.php): failed to open stream: No such file or directory in /home/ubuntu/workspace/s2019cst336/Practices/P7/api/get_word_api.php on line 5
[08-Apr-2019 19:28:32 UTC] PHP Stack trace:
[08-Apr-2019 19:28:32 UTC] PHP   1. {main}() /home/ubuntu/workspace/s2019cst336/Practices/P7/api/get_word_api.php:0
[08-Apr-2019 19:28:32 UTC] PHP Warning:  include(): Failed opening 'dbConnection.php' for inclusion (include_path='.:/usr/share/php:/usr/share/pear') in /home/ubuntu/workspace/s2019cst336/Practices/P7/api/get_word_api.php on line 5
[08-Apr-2019 19:28:32 UTC] PHP Stack trace:
[08-Apr-2019 19:28:32 UTC] PHP   1. {main}() /home/ubuntu/workspace/s2019cst336/Practices/P7/api/get_word_api.php:0
[08-Apr-2019 19:28:32 UTC] PHP Fatal error:  Call to undefined function getDatabaseConnection() in /home/ubuntu/workspace/s2019cst336/Practices/P7/api/get_word_api.php on line 6
[08-Apr-2019 19:28:32 UTC] PHP Stack trace:
[08-Apr-2019 19:28:32 UTC] PHP   1. {main}() /home/ubuntu/workspace/s2019cst336/Practices/P7/api/get_word_api.php:0
[08-Apr-2019 19:28:42 UTC] PHP Warning:  include(dbConnection.php): failed to open stream: No such file or directory in /home/ubuntu/workspace/s2019cst336/Practices/P7/api/check_word.php on line 4
[08-Apr-2019 19:28:42 UTC] PHP Stack trace:
[08-Apr-2019 19:28:42 UTC] PHP   1. {main}() /home/ubuntu/workspace/s2019cst336/Practices/P7/api/check_word.php:0
[08-Apr-2019 19:28:42 UTC] PHP Warning:  include(): Failed opening 'dbConnection.php' for inclusion (include_path='.:/usr/share/php:/usr/share/pear') in /home/ubuntu/workspace/s2019cst336/Practices/P7/api/check_word.php on line 4
[08-Apr-2019 19:28:42 UTC] PHP Stack trace:
[08-Apr-2019 19:28:42 UTC] PHP   1. {main}() /home/ubuntu/workspace/s2019cst336/Practices/P7/api/check_word.php:0
[08-Apr-2019 19:28:43 UTC] PHP Warning:  include(dbConnection.php): failed to open stream: No such file or directory in /home/ubuntu/workspace/s2019cst336/Practices/P7/api/check_word.php on line 4
[08-Apr-2019 19:28:43 UTC] PHP Stack trace:
[08-Apr-2019 19:28:43 UTC] PHP   1. {main}() /home/ubuntu/workspace/s2019cst336/Practices/P7/api/check_word.php:0
[08-Apr-2019 19:28:43 UTC] PHP Warning:  include(): Failed opening 'dbConnection.php' for inclusion (include_path='.:/usr/share/php:/usr/share/pear') in /home/ubuntu/workspace/s2019cst336/Practices/P7/api/check_word.php on line 4
[08-Apr-2019 19:28:43 UTC] PHP Stack trace:
[08-Apr-2019 19:28:43 UTC] PHP   1. {main}() /home/ubuntu/workspace/s2019cst336/Practices/P7/api/check_word.php:0
[08-Apr-2019 19:28:43 UTC] PHP Warning:  include(dbConnection.php): failed to open stream: No such file or directory in /home/ubuntu/workspace/s2019cst336/Practices/P7/api/check_word.php on line 4
[08-Apr-2019 19:28:43 UTC] PHP Stack trace:
[08-Apr-2019 19:28:43 UTC] PHP   1. {main}() /home/ubuntu/workspace/s2019cst336/Practices/P7/api/check_word.php:0
[08-Apr-2019 19:28:43 UTC] PHP Warning:  include(): Failed opening 'dbConnection.php' for inclusion (include_path='.:/usr/share/php:/usr/share/pear') in /home/ubuntu/workspace/s2019cst336/Practices/P7/api/check_word.php on line 4
[08-Apr-2019 19:28:43 UTC] PHP Stack trace:
[08-Apr-2019 19:28:43 UTC] PHP   1. {main}() /home/ubuntu/workspace/s2019cst336/Practices/P7/api/check_word.php:0
[08-Apr-2019 19:28:44 UTC] PHP Warning:  include(dbConnection.php): failed to open stream: No such file or directory in /home/ubuntu/workspace/s2019cst336/Practices/P7/api/check_word.php on line 4
[08-Apr-2019 19:28:44 UTC] PHP Stack trace:
[08-Apr-2019 19:28:44 UTC] PHP   1. {main}() /home/ubuntu/workspace/s2019cst336/Practices/P7/api/check_word.php:0
[08-Apr-2019 19:28:44 UTC] PHP Warning:  include(): Failed opening 'dbConnection.php' for inclusion (include_path='.:/usr/share/php:/usr/share/pear') in /home/ubuntu/workspace/s2019cst336/Practices/P7/api/check_word.php on line 4
[08-Apr-2019 19:28:44 UTC] PHP Stack trace:
[08-Apr-2019 19:28:44 UTC] PHP   1. {main}() /home/ubuntu/workspace/s2019cst336/Practices/P7/api/check_word.php:0
[08-Apr-2019 19:28:44 UTC] PHP Warning:  include(dbConnection.php): failed to open stream: No such file or directory in /home/ubuntu/workspace/s2019cst336/Practices/P7/api/check_word.php on line 4
[08-Apr-2019 19:28:44 UTC] PHP Stack trace:
[08-Apr-2019 19:28:44 UTC] PHP   1. {main}() /home/ubuntu/workspace/s2019cst336/Practices/P7/api/check_word.php:0
[08-Apr-2019 19:28:44 UTC] PHP Warning:  include(): Failed opening 'dbConnection.php' for inclusion (include_path='.:/usr/share/php:/usr/share/pear') in /home/ubuntu/workspace/s2019cst336/Practices/P7/api/check_word.php on line 4
[08-Apr-2019 19:28:44 UTC] PHP Stack trace:
[08-Apr-2019 19:28:44 UTC] PHP   1. {main}() /home/ubuntu/workspace/s2019cst336/Practices/P7/api/check_word.php:0
[08-Apr-2019 19:28:44 UTC] PHP Warning:  include(dbConnection.php): failed to open stream: No such file or directory in /home/ubuntu/workspace/s2019cst336/Practices/P7/api/check_word.php on line 4
[08-Apr-2019 19:28:44 UTC] PHP Stack trace:
[08-Apr-2019 19:28:44 UTC] PHP   1. {main}() /home/ubuntu/workspace/s2019cst336/Practices/P7/api/check_word.php:0
[08-Apr-2019 19:28:44 UTC] PHP Warning:  include(): Failed opening 'dbConnection.php' for inclusion (include_path='.:/usr/share/php:/usr/share/pear') in /home/ubuntu/workspace/s2019cst336/Practices/P7/api/check_word.php on line 4
[08-Apr-2019 19:28:44 UTC] PHP Stack trace:
[08-Apr-2019 19:28:44 UTC] PHP   1. {main}() /home/ubuntu/workspace/s2019cst336/Practices/P7/api/check_word.php:0
[08-Apr-2019 19:29:03 UTC] PHP Warning:  include(dbConnection.php): failed to open stream: No such file or directory in /home/ubuntu/workspace/s2019cst336/Practices/P7/api/get_word_api.php on line 5
[08-Apr-2019 19:29:03 UTC] PHP Stack trace:
[08-Apr-2019 19:29:03 UTC] PHP   1. {main}() /home/ubuntu/workspace/s2019cst336/Practices/P7/api/get_word_api.php:0
[08-Apr-2019 19:29:03 UTC] PHP Warning:  include(): Failed opening 'dbConnection.php' for inclusion (include_path='.:/usr/share/php:/usr/share/pear') in /home/ubuntu/workspace/s2019cst336/Practices/P7/api/get_word_api.php on line 5
[08-Apr-2019 19:29:03 UTC] PHP Stack trace:
[08-Apr-2019 19:29:03 UTC] PHP   1. {main}() /home/ubuntu/workspace/s2019cst336/Practices/P7/api/get_word_api.php:0
[08-Apr-2019 19:29:03 UTC] PHP Fatal error:  Call to undefined function getDatabaseConnection() in /home/ubuntu/workspace/s2019cst336/Practices/P7/api/get_word_api.php on line 6
[08-Apr-2019 19:29:03 UTC] PHP Stack trace:
[08-Apr-2019 19:29:03 UTC] PHP   1. {main}() /home/ubuntu/workspace/s2019cst336/Practices/P7/api/get_word_api.php:0
[08-Apr-2019 19:29:06 UTC] PHP Warning:  include(dbConnection.php): failed to open stream: No such file or directory in /home/ubuntu/workspace/s2019cst336/Practices/P7/api/check_word.php on line 4
[08-Apr-2019 19:29:06 UTC] PHP Stack trace:
[08-Apr-2019 19:29:06 UTC] PHP   1. {main}() /home/ubuntu/workspace/s2019cst336/Practices/P7/api/check_word.php:0
[08-Apr-2019 19:29:06 UTC] PHP Warning:  include(): Failed opening 'dbConnection.php' for inclusion (include_path='.:/usr/share/php:/usr/share/pear') in /home/ubuntu/workspace/s2019cst336/Practices/P7/api/check_word.php on line 4
[08-Apr-2019 19:29:06 UTC] PHP Stack trace:
[08-Apr-2019 19:29:06 UTC] PHP   1. {main}() /home/ubuntu/workspace/s2019cst336/Practices/P7/api/check_word.php:0
[08-Apr-2019 19:29:07 UTC] PHP Warning:  include(dbConnection.php): failed to open stream: No such file or directory in /home/ubuntu/workspace/s2019cst336/Practices/P7/api/check_word.php on line 4
[08-Apr-2019 19:29:07 UTC] PHP Stack trace:
[08-Apr-2019 19:29:07 UTC] PHP   1. {main}() /home/ubuntu/workspace/s2019cst336/Practices/P7/api/check_word.php:0
[08-Apr-2019 19:29:07 UTC] PHP Warning:  include(): Failed opening 'dbConnection.php' for inclusion (include_path='.:/usr/share/php:/usr/share/pear') in /home/ubuntu/workspace/s2019cst336/Practices/P7/api/check_word.php on line 4
[08-Apr-2019 19:29:07 UTC] PHP Stack trace:
[08-Apr-2019 19:29:07 UTC] PHP   1. {main}() /home/ubuntu/workspace/s2019cst336/Practices/P7/api/check_word.php:0
[08-Apr-2019 19:29:08 UTC] PHP Warning:  include(dbConnection.php): failed to open stream: No such file or directory in /home/ubuntu/workspace/s2019cst336/Practices/P7/api/check_word.php on line 4
[08-Apr-2019 19:29:08 UTC] PHP Stack trace:
[08-Apr-2019 19:29:08 UTC] PHP   1. {main}() /home/ubuntu/workspace/s2019cst336/Practices/P7/api/check_word.php:0
[08-Apr-2019 19:29:08 UTC] PHP Warning:  include(): Failed opening 'dbConnection.php' for inclusion (include_path='.:/usr/share/php:/usr/share/pear') in /home/ubuntu/workspace/s2019cst336/Practices/P7/api/check_word.php on line 4
[08-Apr-2019 19:29:08 UTC] PHP Stack trace:
[08-Apr-2019 19:29:08 UTC] PHP   1. {main}() /home/ubuntu/workspace/s2019cst336/Practices/P7/api/check_word.php:0
[08-Apr-2019 19:29:08 UTC] PHP Warning:  include(dbConnection.php): failed to open stream: No such file or directory in /home/ubuntu/workspace/s2019cst336/Practices/P7/api/check_word.php on line 4
[08-Apr-2019 19:29:08 UTC] PHP Stack trace:
[08-Apr-2019 19:29:08 UTC] PHP   1. {main}() /home/ubuntu/workspace/s2019cst336/Practices/P7/api/check_word.php:0
[08-Apr-2019 19:29:08 UTC] PHP Warning:  include(): Failed opening 'dbConnection.php' for inclusion (include_path='.:/usr/share/php:/usr/share/pear') in /home/ubuntu/workspace/s2019cst336/Practices/P7/api/check_word.php on line 4
[08-Apr-2019 19:29:08 UTC] PHP Stack trace:
[08-Apr-2019 19:29:08 UTC] PHP   1. {main}() /home/ubuntu/workspace/s2019cst336/Practices/P7/api/check_word.php:0
[08-Apr-2019 19:29:08 UTC] PHP Warning:  include(dbConnection.php): failed to open stream: No such file or directory in /home/ubuntu/workspace/s2019cst336/Practices/P7/api/check_word.php on line 4
[08-Apr-2019 19:29:08 UTC] PHP Stack trace:
[08-Apr-2019 19:29:08 UTC] PHP   1. {main}() /home/ubuntu/workspace/s2019cst336/Practices/P7/api/check_word.php:0
[08-Apr-2019 19:29:08 UTC] PHP Warning:  include(): Failed opening 'dbConnection.php' for inclusion (include_path='.:/usr/share/php:/usr/share/pear') in /home/ubuntu/workspace/s2019cst336/Practices/P7/api/check_word.php on line 4
[08-Apr-2019 19:29:08 UTC] PHP Stack trace:
[08-Apr-2019 19:29:08 UTC] PHP   1. {main}() /home/ubuntu/workspace/s2019cst336/Practices/P7/api/check_word.php:0
[08-Apr-2019 19:29:08 UTC] PHP Warning:  include(dbConnection.php): failed to open stream: No such file or directory in /home/ubuntu/workspace/s2019cst336/Practices/P7/api/check_word.php on line 4
[08-Apr-2019 19:29:08 UTC] PHP Stack trace:
[08-Apr-2019 19:29:08 UTC] PHP   1. {main}() /home/ubuntu/workspace/s2019cst336/Practices/P7/api/check_word.php:0
[08-Apr-2019 19:29:08 UTC] PHP Warning:  include(): Failed opening 'dbConnection.php' for inclusion (include_path='.:/usr/share/php:/usr/share/pear') in /home/ubuntu/workspace/s2019cst336/Practices/P7/api/check_word.php on line 4
[08-Apr-2019 19:29:08 UTC] PHP Stack trace:
[08-Apr-2019 19:29:08 UTC] PHP   1. {main}() /home/ubuntu/workspace/s2019cst336/Practices/P7/api/check_word.php:0
[08-Apr-2019 19:29:08 UTC] PHP Warning:  include(dbConnection.php): failed to open stream: No such file or directory in /home/ubuntu/workspace/s2019cst336/Practices/P7/api/check_word.php on line 4
[08-Apr-2019 19:29:08 UTC] PHP Stack trace:
[08-Apr-2019 19:29:08 UTC] PHP   1. {main}() /home/ubuntu/workspace/s2019cst336/Practices/P7/api/check_word.php:0
[08-Apr-2019 19:29:08 UTC] PHP Warning:  include(): Failed opening 'dbConnection.php' for inclusion (include_path='.:/usr/share/php:/usr/share/pear') in /home/ubuntu/workspace/s2019cst336/Practices/P7/api/check_word.php on line 4
[08-Apr-2019 19:29:08 UTC] PHP Stack trace:
[08-Apr-2019 19:29:08 UTC] PHP   1. {main}() /home/ubuntu/workspace/s2019cst336/Practices/P7/api/check_word.php:0
[08-Apr-2019 19:39:36 UTC] PHP Warning:  include(dbConnection.php): failed to open stream: No such file or directory in /home/ubuntu/workspace/s2019cst336/Practices/P7/api/get_word_api.php on line 5
[08-Apr-2019 19:39:36 UTC] PHP Stack trace:
[08-Apr-2019 19:39:36 UTC] PHP   1. {main}() /home/ubuntu/workspace/s2019cst336/Practices/P7/api/get_word_api.php:0
[08-Apr-2019 19:39:36 UTC] PHP Warning:  include(): Failed opening 'dbConnection.php' for inclusion (include_path='.:/usr/share/php:/usr/share/pear') in /home/ubuntu/workspace/s2019cst336/Practices/P7/api/get_word_api.php on line 5
[08-Apr-2019 19:39:36 UTC] PHP Stack trace:
[08-Apr-2019 19:39:36 UTC] PHP   1. {main}() /home/ubuntu/workspace/s2019cst336/Practices/P7/api/get_word_api.php:0
[08-Apr-2019 19:39:36 UTC] PHP Fatal error:  Call to undefined function getDatabaseConnection() in /home/ubuntu/workspace/s2019cst336/Practices/P7/api/get_word_api.php on line 6
[08-Apr-2019 19:39:36 UTC] PHP Stack trace:
[08-Apr-2019 19:39:36 UTC] PHP   1. {main}() /home/ubuntu/workspace/s2019cst336/Practices/P7/api/get_word_api.php:0
[08-Apr-2019 19:40:23 UTC] PHP Warning:  include(dbConnection.php): failed to open stream: No such file or directory in /home/ubuntu/workspace/s2019cst336/Practices/P7/api/get_word_api.php on line 5
[08-Apr-2019 19:40:23 UTC] PHP Stack trace:
[08-Apr-2019 19:40:23 UTC] PHP   1. {main}() /home/ubuntu/workspace/s2019cst336/Practices/P7/api/get_word_api.php:0
[08-Apr-2019 19:40:23 UTC] PHP Warning:  include(): Failed opening 'dbConnection.php' for inclusion (include_path='.:/usr/share/php:/usr/share/pear') in /home/ubuntu/workspace/s2019cst336/Practices/P7/api/get_word_api.php on line 5
[08-Apr-2019 19:40:23 UTC] PHP Stack trace:
[08-Apr-2019 19:40:23 UTC] PHP   1. {main}() /home/ubuntu/workspace/s2019cst336/Practices/P7/api/get_word_api.php:0
[08-Apr-2019 19:40:23 UTC] PHP Fatal error:  Call to undefined function getDatabaseConnection() in /home/ubuntu/workspace/s2019cst336/Practices/P7/api/get_word_api.php on line 6
[08-Apr-2019 19:40:23 UTC] PHP Stack trace:
[08-Apr-2019 19:40:23 UTC] PHP   1. {main}() /home/ubuntu/workspace/s2019cst336/Practices/P7/api/get_word_api.php:0
[08-Apr-2019 19:40:46 UTC] PHP Warning:  include(dbConnection.php): failed to open stream: No such file or directory in /home/ubuntu/workspace/s2019cst336/Practices/P7/api/get_word_api.php on line 5
[08-Apr-2019 19:40:46 UTC] PHP Stack trace:
[08-Apr-2019 19:40:46 UTC] PHP   1. {main}() /home/ubuntu/workspace/s2019cst336/Practices/P7/api/get_word_api.php:0
[08-Apr-2019 19:40:46 UTC] PHP Warning:  include(): Failed opening 'dbConnection.php' for inclusion (include_path='.:/usr/share/php:/usr/share/pear') in /home/ubuntu/workspace/s2019cst336/Practices/P7/api/get_word_api.php on line 5
[08-Apr-2019 19:40:46 UTC] PHP Stack trace:
[08-Apr-2019 19:40:46 UTC] PHP   1. {main}() /home/ubuntu/workspace/s2019cst336/Practices/P7/api/get_word_api.php:0
[08-Apr-2019 19:40:46 UTC] PHP Fatal error:  Call to undefined function getDatabaseConnection() in /home/ubuntu/workspace/s2019cst336/Practices/P7/api/get_word_api.php on line 6
[08-Apr-2019 19:40:46 UTC] PHP Stack trace:
[08-Apr-2019 19:40:46 UTC] PHP   1. {main}() /home/ubuntu/workspace/s2019cst336/Practices/P7/api/get_word_api.php:0
[08-Apr-2019 19:41:37 UTC] PHP Warning:  include(dbConnection.php): failed to open stream: No such file or directory in /home/ubuntu/workspace/s2019cst336/Practices/P7/api/get_word_api.php on line 5
[08-Apr-2019 19:41:37 UTC] PHP Stack trace:
[08-Apr-2019 19:41:37 UTC] PHP   1. {main}() /home/ubuntu/workspace/s2019cst336/Practices/P7/api/get_word_api.php:0
[08-Apr-2019 19:41:37 UTC] PHP Warning:  include(): Failed opening 'dbConnection.php' for inclusion (include_path='.:/usr/share/php:/usr/share/pear') in /home/ubuntu/workspace/s2019cst336/Practices/P7/api/get_word_api.php on line 5
[08-Apr-2019 19:41:37 UTC] PHP Stack trace:
[08-Apr-2019 19:41:37 UTC] PHP   1. {main}() /home/ubuntu/workspace/s2019cst336/Practices/P7/api/get_word_api.php:0
[08-Apr-2019 19:41:37 UTC] PHP Fatal error:  Call to undefined function getDatabaseConnection() in /home/ubuntu/workspace/s2019cst336/Practices/P7/api/get_word_api.php on line 6
[08-Apr-2019 19:41:37 UTC] PHP Stack trace:
[08-Apr-2019 19:41:37 UTC] PHP   1. {main}() /home/ubuntu/workspace/s2019cst336/Practices/P7/api/get_word_api.php:0
[08-Apr-2019 19:42:42 UTC] PHP Warning:  include(./dbConnection.php): failed to open stream: No such file or directory in /home/ubuntu/workspace/s2019cst336/Practices/P7/api/get_word_api.php on line 5
[08-Apr-2019 19:42:42 UTC] PHP Stack trace:
[08-Apr-2019 19:42:42 UTC] PHP   1. {main}() /home/ubuntu/workspace/s2019cst336/Practices/P7/api/get_word_api.php:0
[08-Apr-2019 19:42:42 UTC] PHP Warning:  include(): Failed opening './dbConnection.php' for inclusion (include_path='.:/usr/share/php:/usr/share/pear') in /home/ubuntu/workspace/s2019cst336/Practices/P7/api/get_word_api.php on line 5
[08-Apr-2019 19:42:42 UTC] PHP Stack trace:
[08-Apr-2019 19:42:42 UTC] PHP   1. {main}() /home/ubuntu/workspace/s2019cst336/Practices/P7/api/get_word_api.php:0
[08-Apr-2019 19:42:42 UTC] PHP Fatal error:  Call to undefined function getDatabaseConnection() in /home/ubuntu/workspace/s2019cst336/Practices/P7/api/get_word_api.php on line 6
[08-Apr-2019 19:42:42 UTC] PHP Stack trace:
[08-Apr-2019 19:42:42 UTC] PHP   1. {main}() /home/ubuntu/workspace/s2019cst336/Practices/P7/api/get_word_api.php:0
[08-Apr-2019 20:24:34 UTC] PHP Fatal error:  Call to a member function prepare() on a non-object in /home/ubuntu/workspace/s2019cst336/Practices/P7/api/check_word.php on line 9
[08-Apr-2019 20:24:34 UTC] PHP Stack trace:
[08-Apr-2019 20:24:34 UTC] PHP   1. {main}() /home/ubuntu/workspace/s2019cst336/Practices/P7/api/check_word.php:0
[08-Apr-2019 20:25:50 UTC] PHP Fatal error:  Call to a member function prepare() on a non-object in /home/ubuntu/workspace/s2019cst336/Practices/P7/api/check_word.php on line 9
[08-Apr-2019 20:25:50 UTC] PHP Stack trace:
[08-Apr-2019 20:25:50 UTC] PHP   1. {main}() /home/ubuntu/workspace/s2019cst336/Practices/P7/api/check_word.php:0
[08-Apr-2019 20:26:39 UTC] PHP Fatal error:  Call to a member function prepare() on a non-object in /home/ubuntu/workspace/s2019cst336/Practices/P7/api/check_word.php on line 9
[08-Apr-2019 20:26:39 UTC] PHP Stack trace:
[08-Apr-2019 20:26:39 UTC] PHP   1. {main}() /home/ubuntu/workspace/s2019cst336/Practices/P7/api/check_word.php:0
[08-Apr-2019 20:27:01 UTC] PHP Fatal error:  Call to a member function prepare() on a non-object in /home/ubuntu/workspace/s2019cst336/Practices/P7/api/check_word.php on line 9
[08-Apr-2019 20:27:01 UTC] PHP Stack trace:
[08-Apr-2019 20:27:01 UTC] PHP   1. {main}() /home/ubuntu/workspace/s2019cst336/Practices/P7/api/check_word.php:0
